Nuclide Identification Report        10/31/2023  2:59:50 PM        Page  1


*************************************************************************
*****   N U C L I D E   I D E N T I F I C A T I O N   R E P O R T   *****
*************************************************************************

     Sample Title:         Sample title.                           
     Nuclide Library Used: C:\GENIE2K\CAMFILES\Th mantles-81rb_m.NL

   ....................    IDENTIFIED NUCLIDES     ....................

   Nuclide    Id       Energy   Yield     Activity     Activity
   Name    Confidence  (keV)     (%)     (uCi/Unit)   Uncertainty

   TL-208    0.951     72.80*    2.02    3.7192E+01   3.9401E+00
                       74.97*    3.41    2.6391E+02   2.7733E+01
                       84.90*    1.51    1.0479E+02   1.1278E+01
                      211.40*    0.18    5.6310E+00   1.2166E+00
                      233.36*    0.31    3.2231E+01   3.3944E+00
                      252.61*    0.69    2.2313E+01   2.2259E+00
                      277.36*    6.31    2.5784E+01   2.0960E+00
                      510.77*   22.60    2.5172E+01   1.5473E+00
                      583.19*   84.50    2.8882E+01   1.7498E+00
                      722.04*    0.20    2.8050E+01   3.0055E+00
                      763.13*    1.81    2.7791E+01   1.7453E+00
                      860.56*   12.42    3.4784E+01   1.7139E+00
                      927.60*    0.13    1.2737E+02   1.0753E+01
                      982.70*    0.20    7.7631E+01   5.6317E+00
                     1093.90*    0.40    3.0185E+02   2.5689E+01
                     2614.53*   99.16    2.5750E+01   1.0307E+00
   BI-212    0.978    288.07*    0.31    5.4898E+00   8.3457E-01
                      327.96*    0.14    9.6638E+01   1.0608E+01
                      452.83*    0.31    6.4100E+00   1.3067E+00
                      727.18*    6.65    5.2776E+00   3.2749E-01
                      785.42*    1.11    4.0468E+00   2.4674E-01
                      893.39*    0.37    4.4061E+00   2.4831E-01
                      952.10*    0.18    4.8607E+00   3.3535E-01
                     1078.62*    0.54    4.6374E+00   2.4528E-01
                     1512.75*    0.31    7.3746E+00   7.7504E-01
                     1620.56*    1.51    5.3505E+00   2.7846E-01
                     1806.00*    0.11    6.6190E+00   1.3530E+00
   PB-212    0.999     74.81*   10.50    5.0499E-01   5.4040E-02
                       77.11*   17.60    4.8550E-01   5.2250E-02
                       87.30*    7.90    3.9675E-01   4.4472E-02
                      115.18*    0.59    3.7145E-01   3.9264E-02
                      238.63*   43.60    6.1163E-01   5.2220E-02
                      300.09*    3.34    4.8472E-01   4.1920E-02
   RA-224    0.998    240.99*    3.97    3.4356E-01   2.7704E-02
   AC-228    0.983     57.76*    0.49    4.1357E-01   5.0495E-02
                       89.95*    1.94    2.1740E+00   2.8186E-01
                       93.35*    3.20    1.4095E+00   1.9324E-01
                       99.50*    1.28    5.4759E-01   6.4609E-02
                      105.00*    1.47    1.2206E+00   1.5761E-01
                      129.07*    2.45    5.2094E-01   6.5943E-02
                      145.85*    0.16    5.5269E-01   6.7431E-02
                      153.98*    0.74    6.8053E-01   7.6200E-02
Nuclide Identification Report        10/31/2023  2:59:50 PM        Page  2


   Nuclide    Id       Energy   Yield    Activity     Activity
   Name    Confidence  (keV)     (%)    (uCi/Unit)   Uncertainty

   AC-228    0.983    191.35*    0.13    3.6444E-01   3.9572E-02
                      199.41*    0.32    6.0660E-01   6.0490E-02
                      204.03*    0.12    5.1149E-01   7.3523E-02
                      209.25*    3.88    7.3864E-01   6.2727E-02
                      270.24*    3.43    7.1680E-01   5.9768E-02
                      278.95*    0.20    5.9152E-01   6.4221E-02
                      321.65*    0.23    5.8880E-01   5.8140E-02
                      327.60     0.11
                      327.99*    2.95    7.9122E-01   7.3948E-02
                      332.37*    0.37    9.5547E-01   1.7106E-01
                      338.32*   11.30    8.7413E-01   6.9372E-02
                      340.97*    0.38    7.5838E-01   7.1964E-02
                      409.46*    1.94    7.3128E-01   5.4108E-02
                      440.45*    0.13    8.2878E-01   7.7792E-02
                      463.01*    4.44    7.3030E-01   4.9232E-02
                      478.30*    0.22    6.5277E-01   6.4253E-02
                      503.82*    0.19    5.8136E-01   4.4819E-02
                      508.96*    0.47    8.0928E-01   9.9091E-02
                      523.13*    0.11    5.2945E-01   5.6153E-02
                      546.45*    0.21    6.0390E-01   5.6091E-02
                      562.50*    0.87    9.0416E-01   6.8493E-02
                      570.91     0.17
                      572.29*    0.15    1.3545E+00   1.6434E-01
                      583.41*    0.11    1.8756E+02   2.1318E+01
                      674.63*    0.10    5.3359E-01   6.6169E-02
                      701.75*    0.18    6.2423E-01   5.7153E-02
                      707.41*    0.16    6.2934E-01   7.7112E-02
                      726.86*    0.64    9.5288E+00   1.3125E+00
                      755.32*    1.01    7.5981E-01   6.2240E-02
                      772.29*    1.50    7.0339E-01   5.0879E-02
                      782.14*    0.50    7.7251E-01   5.6688E-02
                      794.95*    4.34    6.9783E-01   4.1688E-02
                      830.49*    0.55    6.7873E-01   6.0622E-02
                      835.71*    1.68    7.5561E-01   6.2538E-02
                      840.38*    0.94    6.7977E-01   4.4885E-02
                      904.20*    0.78    6.0750E-01   4.1913E-02
                      911.21*   26.60    8.4503E-01   4.4183E-02
                      947.98*    0.11    7.4715E-01   6.9008E-02
                      958.61*    0.29    8.7214E-01   1.8442E-01
                      964.77*    5.11    7.8280E-01   3.9241E-02
                      968.97*   16.20    8.5966E-01   4.1684E-02
                      988.43*    0.13    9.3831E-01   2.9207E-01
                     1033.25*    0.21    8.1794E-01   6.6093E-02
                     1065.17*    0.14    5.2165E+00   4.7161E-01
                     1095.68*    0.13    7.9538E+00   7.3173E-01
                     1110.61*    0.31    1.7960E+00   1.4542E-01
                     1153.52*    0.14    8.0521E-01   7.2201E-02
                     1247.08*    0.50    6.6947E-01   4.8926E-02
                     1459.14*    0.80    8.1694E-01   4.5347E-02
                     1495.91*    0.89    8.5802E-01   5.9373E-02
Nuclide Identification Report        10/31/2023  2:59:50 PM        Page  3


   Nuclide    Id       Energy   Yield    Activity     Activity
   Name    Confidence  (keV)     (%)    (uCi/Unit)   Uncertainty

   AC-228    0.983   1501.58*    0.47    8.6208E-01   8.1447E-02
                     1557.11*    0.18    8.1731E-01   7.2978E-02
                     1580.54*    0.61    8.6172E-01   7.8866E-02
                     1588.21*    3.27    8.5110E-01   4.4571E-02
                     1625.00*    0.26    9.5211E-01   8.0069E-02
                     1630.63*    1.60    8.3695E-01   5.3708E-02
                     1638.28*    0.47    8.6276E-01   6.5476E-02
                     1666.52*    0.18    1.2453E+00   1.0880E-01
   TH-228    1.000     84.37*    1.27    3.5801E-01   3.6443E-02
                      131.61*    0.14    2.8793E-01   2.9076E-02
                      166.41*    0.11    2.6426E-01   2.4913E-02
                      215.99*    0.26    3.1061E-01   2.5423E-02
   TH-232    0.998     63.81*    0.27    2.2743E-01   2.5789E-02

       * = Energy line found in the spectrum.
       Energy Tolerance :    1.500 keV
       Nuclide confidence index threshold =   0.30
       Errors quoted at  1.000 sigma

Nuclide Identification Report        10/31/2023  2:59:50 PM        Page  4


   **********   U N I D E N T I F I E D   P E A K S   **********

               Peak Locate Performed on:  10/31/2023  2:56:04 PM
               Peak Locate From Channel:      1
               Peak Locate To Channel:    16384

       Peak   Energy     Peak Size in        Peak CPS      Peak        Tol.
        No.   (keV)    Counts per Second   % Uncertainty   Type      Nuclide

      M  1     5.36       5.90145E+00           0.37                         
      m  2     6.36       3.05397E+00           0.90                         
         3     8.04       1.10221E-01          16.10                         
      M  4    11.48       3.80525E+00           1.15       D-Esc.            
      m  5    12.95       2.03659E+01           0.21       D-Esc.            
      m  6    15.50       3.32073E+01           0.16                         
         7    19.16       3.80817E+00           0.81                         
         8    30.02       5.81573E-02          37.54                         
         9    34.69       2.95959E-01           7.33                         
        10    39.89       6.93093E+00           0.43                         
        11    42.47       6.04724E-02          32.17       D-Esc.            
        13    60.44       4.72516E-01           7.64                         
        15    67.57       1.50353E+00           1.89                         
      M 16    70.84       1.20641E+00           2.74                         
      m 20    79.17       6.46441E-01           3.36                         
        21    81.09       1.18833E+00           2.35                         
      M 26    97.60       7.93077E-02          28.38                         
      m 29   108.82       1.17220E+01           0.39                         
        30   112.42       1.05471E-01          20.39                         
      M 32   125.30       8.65396E-01           5.59                         
      m 33   127.02       3.89176E-01           9.69       Sum               
        36   135.55       1.30085E-01          16.30       Sum               
        37   138.05       1.63956E-01          12.77       Sum               
        38   141.02       5.20292E-01           4.31       Sum               
      M 39   143.98       6.39551E-02          34.74       Sum               
        41   149.73       1.41917E-01          14.35       Sum               
      M 42   151.95       6.06893E-01           3.60       Sum               
        44   157.10       4.21475E-02          39.36       Sum               
        45   159.01       9.34703E-02          20.97       Sum               
      M 46   162.03       1.54439E-01          11.71       Sum               
      m 47   164.44       4.02764E-01           7.17       Sum               
        49   168.66       7.06382E-02          23.23       Sum               
        50   170.57       8.36611E-02          25.00       Sum               
        51   174.19       2.76748E-01           7.05       Sum               
        52   176.81       5.39059E-01           3.95       Sum               
        53   180.31       1.10900E-01          16.65       Sum               
        54   184.56       3.55133E-01           5.29       Sum               
        55   186.68       2.82828E-01           6.50       Sum               
        57   195.45       3.26872E-02          54.56       Sum               
        60   206.13       8.88648E-02          16.01       Sum               
        64   219.11       1.35551E-01          12.62       Sum               
      M 65   222.48       2.92955E-01           7.06       Sum               
      m 66   224.10       2.77724E-01           7.88       D-Esc.            
      m 67   225.53       3.06870E-01           4.43       D-Esc.            
Nuclide Identification Report        10/31/2023  2:59:50 PM        Page  5


       Peak   Energy     Peak Size in        Peak CPS      Peak        Tol.
        No.   (keV)    Counts per Second   % Uncertainty   Type      Nuclide

        68   228.73       2.31925E-01           7.33       Sum               
      M 69   231.64       2.26797E-01           6.97       Sum               
        74   257.64       2.00428E-01           7.81       Sum               
        75   263.80       2.55261E-01           5.69       Sum               
        76   267.29       1.77166E-02         103.28       Sum               
        80   282.19       2.99792E-01           4.81       Sum               
        82   293.24       6.47304E-02          23.27       Sum               
      m 84   302.82       4.01865E-01           4.00       Sum               
      M 85   313.57       1.91181E-01           7.72       Sum               
      m 86   315.50       3.53398E-01           5.79       Sum               
      M 88   326.39       3.19800E-01           6.46       Sum               
        93   344.86       6.07322E-02          25.37       Sum               
        94   351.64       1.84287E-01           8.26       Sum               
        95   354.64       4.68115E-01           3.46       Sum               
        96   357.42       1.73814E-01           8.17       Sum               
        97   360.29       6.97399E-02          20.24       Sum               
        98   363.71       1.08243E-01          13.92       Sum               
      M 99   372.62       5.03023E-02          26.46       Sum               
      m100   375.21       1.23706E+00           1.70       Sum               
      m101   377.48       2.15473E+00           0.99       Sum               
       102   384.73       1.59347E-03         899.58       Sum               
      M103   387.59       7.22985E-01           2.41       Sum               
      m104   390.27       2.53541E-01           6.09       Sum               
       105   393.64       5.02638E-02          32.45       Sum               
      M106   396.35       8.62164E-02          17.83       Sum               
      m107   398.48       9.57569E-02          24.79       Sum               
      m108   400.00       1.35046E-01           6.53       Sum               
       110   415.63       7.67374E-01           2.30       Sum               
       111   422.07       1.17609E-01          11.72       Sum               
       112   425.83       1.49120E-01           9.14       Sum               
       113   428.66       1.02313E-01          14.05       Sum               
       114   431.86       1.03432E-01          13.08       Sum               
       115   434.16       6.06171E-02          22.17       Sum               
       117   449.65       1.31001E-01          10.66       Sum               
       119   457.48       6.48895E-02          19.91       Sum               
      m121   466.76       2.14513E-01           5.68       Sum               
      M122   470.48       5.36059E-02          24.17       Sum               
      m123   471.91       5.51576E-02          37.71       Sum               
      m124   473.82       2.43367E-01           5.02       D-Esc.            
       126   486.27       6.57481E-02          17.37       Sum               
       127   492.23       1.36224E-01          12.29       D-Esc.            
       128   499.81       4.14265E-02          29.10       Sum               
      m132   514.59       4.56217E-01           7.26       Sum               
      M133   520.56       2.09710E-01           5.57       Sum               
       135   534.69       4.66160E-02          27.52       D-Esc.            
       136   538.89       5.43012E-02          22.39       Sum               
      m138   550.14       6.91625E-01           2.52       Sum               
       139   555.78       1.48383E-01           8.59       S-Esc.            
       141   566.46       5.18790E-02          23.23       D-Esc.            
       143   577.07       3.67809E-02          32.46       Sum               
Nuclide Identification Report        10/31/2023  2:59:50 PM        Page  6


       Peak   Energy     Peak Size in        Peak CPS      Peak        Tol.
        No.   (keV)    Counts per Second   % Uncertainty   Type      Nuclide

      m145   586.51       5.25091E-01           5.39       Sum               
      m146   588.58       2.65466E-01           7.31       Sum               
      m147   592.01       1.41848E-01           8.95       Sum               
       148   604.41       4.35650E-02          26.99       D-Esc.            
       149   611.01       5.33492E-02          21.93       Sum               
       150   616.78       2.90500E-01           4.71       D-Esc.            
       151   620.83       2.57054E-01           5.08       Sum               
       152   629.90       1.23779E-01          10.50       Sum               
       153   640.88       1.38101E-01           9.43       Sum               
      M154   649.84       1.92235E-01           7.13       Sum               
      m155   651.95       2.90519E-01           4.95       Sum               
      M156   656.27       3.78051E-01           3.34       Sum               
      m157   658.62       9.01917E-01           2.55       Sum               
      M158   666.73       8.90460E-02           9.71       Sum               
      m159   668.31       2.00019E-01           7.62       Sum               
      m161   677.32       2.78457E-01           5.29       Sum               
       162   688.53       2.77886E-01           5.50       Sum               
       165   714.83       5.83663E-02          20.78       Sum               
       166   719.25       5.22906E-02          22.66       Sum               
       169   738.26       9.84664E-02          11.77       Sum               
       170   749.40       6.69203E-02          18.01       Sum               
       177   805.14       2.37121E-02          38.48       Sum               
       178   817.26       2.65476E-01           4.22       Sum               
       179   821.76       6.01412E-02          16.00       Sum               
       180   825.79       2.34452E-01           4.64       Sum               
       184   848.92       2.79092E-02          32.00       Sum               
      M186   865.29       2.56481E-02          21.10       Sum               
      m187   866.33       3.53090E-02          17.62       Sum               
      M188   871.06       1.05083E-01          10.41       Sum               
      m189   874.66       2.67645E-01           4.12       Sum               
       190   888.59       1.13780E-01           7.73       Sum               
      M192   901.60       9.28405E-02          12.27       Sum               
      m195   918.20       1.24172E-01          11.62       Sum               
      M196   924.72       9.50987E-02           8.31       Sum               
       198   931.26       1.56933E-02          36.87       Sum               
       199   936.27       1.74111E-01           5.19       Sum               
      M200   940.80       2.86228E-02          21.84       Sum               
      m201   944.70       3.68204E-01           3.23       Sum               
      M204   956.33       1.85935E-02          17.42       Sum               
      m208   974.36       1.94138E-01          10.39       Sum               
      M211   998.09       3.52693E-02          16.39       Sum               
      m212  1001.64       7.76437E-01           1.48       S-Esc.            
      m213  1005.06       1.18025E+00           0.89       Sum               
       214  1011.13       2.32276E-01           3.72       Sum               
      M215  1017.17       4.86240E-01           2.20       Sum               
      m216  1020.54       1.86544E-01           3.86       Sum               
       218  1040.68       3.58772E-01           2.81       Sum               
      M219  1054.84       2.24135E-01           4.89       Sum               
      m220  1059.22       6.00921E-01           1.79       Sum               
      m221  1062.83       6.76847E-01           1.51       Sum               
Nuclide Identification Report        10/31/2023  2:59:50 PM        Page  7


       Peak   Energy     Peak Size in        Peak CPS      Peak        Tol.
        No.   (keV)    Counts per Second   % Uncertainty   Type      Nuclide

      m223  1068.89       1.14318E-01           6.68       S-Esc.            
      m224  1070.46       2.29458E-02          27.76       S-Esc.            
      m225  1071.63       2.02143E-02          15.98       Sum               
      M226  1074.91       2.74758E-01           3.33       Sum               
       228  1088.01       1.08219E-02          55.41       Sum               
       230  1104.10       4.56137E-02          12.53       Sum               
      M232  1118.32       1.74762E-01           4.79       S-Esc.            
      m233  1123.41       1.08591E+00           0.83       Sum               
       234  1143.23       2.75819E-02          20.32       Sum               
       236  1157.99       2.59199E-02          21.82       Sum               
      M237  1165.01       1.44057E-01           7.04       Sum               
      m238  1169.04       4.58138E-01           1.83       Sum               
      M239  1175.25       2.92696E-02          12.90       Sum               
      m240  1176.47       2.93012E-02          17.23       Sum               
       241  1207.83       1.14868E-02          52.27       Sum               
       242  1229.50       2.03316E-02          29.23       Sum               
      M243  1245.51       4.62098E-01           2.08       Sum               
      m245  1250.50       1.14925E-01           6.05       Sum               
       246  1262.56       2.78029E-02          21.37       Sum               
       247  1277.29       1.51986E-02          38.66       Sum               
       248  1287.56       2.49086E-01           3.60       Sum               
       249  1310.99       1.38500E-02          40.67       Sum               
      M250  1345.06       9.26451E-02           6.96       Sum               
      m251  1346.82       2.02886E-01           5.18       Sum               
       252  1358.72       5.54652E-02          12.81       Sum               
      M253  1364.42       2.19636E-02           8.05       Sum               
      m254  1366.23       2.03935E-02          29.44       Sum               
       255  1374.56       1.21365E+00           0.83       Sum               
      M256  1415.85       3.08088E-02          18.16       Sum               
      m257  1417.03       7.42815E-03          52.19       Sum               
       258  1432.18       5.29352E-01           1.75       Sum               
       259  1451.55       1.14313E-02          44.25       Sum               
      M261  1469.63       3.77660E-02          16.45       Sum               
      m262  1473.99       2.83432E-01           2.52       Sum               
      M263  1479.93       1.25037E-02          35.12       Sum               
      m264  1481.28       2.34199E-02          16.34       Sum               
      M268  1528.90       7.92101E-02           8.48       Sum               
      m269  1531.35       1.05070E-01           5.44       Sum               
      M270  1537.83       7.55631E-02           7.83       Sum               
      m271  1539.92       1.38808E-02          16.20       Sum               
       272  1548.86       6.65777E-02           8.38       Sum               
       274  1566.16       1.15381E-02          35.19       Sum               
       275  1573.35       7.27262E-02           7.97       Sum               
      m278  1592.19       2.94456E+00           0.40       D-Esc.            
       279  1604.56       1.89140E-02          24.36       Sum               
       284  1646.59       2.05394E-02          21.74       Sum               
      M286  1676.50       2.09896E-02          26.38       Sum               
      m287  1677.86       1.14079E-01           7.14       Sum               
      m288  1679.60       1.62104E-01           5.24       Sum               
      m289  1685.79       2.51470E-01           2.90       Sum               
Nuclide Identification Report        10/31/2023  2:59:50 PM        Page  8


       Peak   Energy     Peak Size in        Peak CPS      Peak        Tol.
        No.   (keV)    Counts per Second   % Uncertainty   Type      Nuclide

      M290  1700.53       1.02956E-02          31.21       Sum               
      m291  1701.67       2.55400E-02          21.04       Sum               
      m292  1702.84       7.18635E-02           8.21       Sum               
       293  1724.18       1.28848E-01           5.43       Sum               
      M294  1756.23       2.02027E-02          16.51       Sum               
      m295  1758.32       4.85697E-02          11.92       Sum               
       297  1823.14       8.01908E-02           8.69       Sum               
       298  1835.41       6.28465E-02          10.28       Sum               
       299  1842.03       6.54323E-02           9.93       Sum               
      M300  1869.11       4.29421E-02          16.13       Sum               
      m301  1870.95       3.04901E-02          19.21       Sum               
       302  1887.00       1.69718E-01           4.78       Sum               
       303  1928.88       1.60400E-02          30.49       Sum               
       304  1951.94       1.16001E-01           6.77       Sum               
       305  1965.27       1.84048E-02          26.95       Sum               
       306  2103.03       4.55203E+00           0.36       S-Esc.            
       307  2175.10       2.31704E-01           4.32       Sum               
       309  2686.30       7.38519E-01           1.30       Sum               
      M310  2696.83       4.54106E-02          10.38       Sum               
      m311  2698.92       6.21481E-02           9.67       Sum               
      m312  2704.98       2.49580E-02          23.89       Sum               
      m313  2707.06       3.60322E-02           9.36       Sum               
      M314  2864.69       2.48581E-02          15.63       Sum               
      m315  2866.75       8.19353E-03          34.84       Sum               
       316  2890.03       2.96474E-01           2.24       Sum               
      M317  2960.09       1.77578E-02          19.76       Sum               
      m318  2962.97       2.20492E-02          17.24                         

       M = First peak in a multiplet region
       m = Other peak in a multiplet region
       F = Fitted singlet

       Errors quoted at  1.000 sigma
